mode: atomic
github.com/raysh454/moku/main.go:3.14,4.2 0 0
github.com/raysh454/moku/internal/app/application.go:43.111,54.2 2 0
github.com/raysh454/moku/internal/app/application.go:60.37,61.14 1 0
github.com/raysh454/moku/internal/app/application.go:61.14,63.3 1 0
github.com/raysh454/moku/internal/app/application.go:64.2,64.21 1 0
github.com/raysh454/moku/internal/app/application.go:64.21,66.3 1 0
github.com/raysh454/moku/internal/app/application.go:67.2,67.12 1 0
github.com/raysh454/moku/internal/app/application.go:71.59,72.14 1 0
github.com/raysh454/moku/internal/app/application.go:72.14,74.3 1 0
github.com/raysh454/moku/internal/app/application.go:75.2,75.21 1 0
github.com/raysh454/moku/internal/app/application.go:75.21,77.3 1 0
github.com/raysh454/moku/internal/app/application.go:80.2,83.19 3 0
github.com/raysh454/moku/internal/app/application.go:83.19,84.54 1 0
github.com/raysh454/moku/internal/app/application.go:84.54,85.23 1 0
github.com/raysh454/moku/internal/app/application.go:85.23,87.5 1 0
github.com/raysh454/moku/internal/app/application.go:92.2,94.12 2 0
github.com/raysh454/moku/internal/app/config.go:36.30,45.2 1 0
github.com/raysh454/moku/internal/app/config.go:58.34,61.49 2 0
github.com/raysh454/moku/internal/app/config.go:61.49,63.3 1 0
github.com/raysh454/moku/internal/app/config.go:64.2,64.50 1 0
github.com/raysh454/moku/internal/app/config.go:64.50,66.3 1 0
github.com/raysh454/moku/internal/app/config.go:67.2,67.45 1 0
github.com/raysh454/moku/internal/app/config.go:67.45,69.3 1 0
github.com/raysh454/moku/internal/app/config.go:70.2,70.55 1 0
github.com/raysh454/moku/internal/app/config.go:70.55,72.3 1 0
github.com/raysh454/moku/internal/app/config.go:73.2,73.55 1 0
github.com/raysh454/moku/internal/app/config.go:73.55,74.53 1 0
github.com/raysh454/moku/internal/app/config.go:74.53,76.4 1 0
github.com/raysh454/moku/internal/app/config.go:78.2,78.57 1 0
github.com/raysh454/moku/internal/app/config.go:78.57,79.53 1 0
github.com/raysh454/moku/internal/app/config.go:79.53,81.4 1 0
github.com/raysh454/moku/internal/app/config.go:84.2,84.12 1 0
github.com/raysh454/moku/internal/analyzer/analyzer.go:36.115,40.16 2 6
github.com/raysh454/moku/internal/analyzer/analyzer.go:40.16,42.3 1 0
github.com/raysh454/moku/internal/analyzer/analyzer.go:44.2,50.8 3 6
github.com/raysh454/moku/internal/analyzer/analyzer.go:55.99,56.31 1 2
github.com/raysh454/moku/internal/analyzer/analyzer.go:56.31,58.3 1 0
github.com/raysh454/moku/internal/analyzer/analyzer.go:59.2,59.16 1 2
github.com/raysh454/moku/internal/analyzer/analyzer.go:59.16,61.3 1 1
github.com/raysh454/moku/internal/analyzer/analyzer.go:63.2,72.19 3 1
github.com/raysh454/moku/internal/analyzer/analyzer.go:80.97,81.31 1 1
github.com/raysh454/moku/internal/analyzer/analyzer.go:81.31,83.3 1 0
github.com/raysh454/moku/internal/analyzer/analyzer.go:84.2,84.17 1 1
github.com/raysh454/moku/internal/analyzer/analyzer.go:84.17,86.3 1 0
github.com/raysh454/moku/internal/analyzer/analyzer.go:88.2,97.8 2 1
github.com/raysh454/moku/internal/analyzer/analyzer.go:102.148,103.31 1 1
github.com/raysh454/moku/internal/analyzer/analyzer.go:103.31,105.3 1 0
github.com/raysh454/moku/internal/analyzer/analyzer.go:106.2,106.16 1 1
github.com/raysh454/moku/internal/analyzer/analyzer.go:106.16,108.3 1 0
github.com/raysh454/moku/internal/analyzer/analyzer.go:110.2,121.16 6 1
github.com/raysh454/moku/internal/analyzer/analyzer.go:121.16,130.3 1 0
github.com/raysh454/moku/internal/analyzer/analyzer.go:132.2,139.8 1 1
github.com/raysh454/moku/internal/analyzer/analyzer.go:143.71,144.31 1 1
github.com/raysh454/moku/internal/analyzer/analyzer.go:144.31,146.3 1 0
github.com/raysh454/moku/internal/analyzer/analyzer.go:148.2,149.18 2 1
github.com/raysh454/moku/internal/analyzer/analyzer.go:153.41,154.31 1 6
github.com/raysh454/moku/internal/analyzer/analyzer.go:154.31,156.3 1 0
github.com/raysh454/moku/internal/analyzer/analyzer.go:158.2,159.23 2 6
github.com/raysh454/moku/internal/analyzer/default_analyzer.go:23.119,29.16 3 10
github.com/raysh454/moku/internal/analyzer/default_analyzer.go:29.16,31.3 1 0
github.com/raysh454/moku/internal/analyzer/default_analyzer.go:33.2,38.8 2 10
github.com/raysh454/moku/internal/analyzer/default_analyzer.go:42.94,46.16 3 2
github.com/raysh454/moku/internal/analyzer/default_analyzer.go:46.16,51.3 2 0
github.com/raysh454/moku/internal/analyzer/default_analyzer.go:53.2,57.18 2 2
github.com/raysh454/moku/internal/analyzer/default_analyzer.go:61.42,64.2 2 10
github.com/raysh454/moku/internal/assessor/heuristics_assessor.go:26.96,27.16 1 3
github.com/raysh454/moku/internal/assessor/heuristics_assessor.go:27.16,29.3 1 0
github.com/raysh454/moku/internal/assessor/heuristics_assessor.go:30.2,30.19 1 3
github.com/raysh454/moku/internal/assessor/heuristics_assessor.go:30.19,32.3 1 0
github.com/raysh454/moku/internal/assessor/heuristics_assessor.go:33.2,39.8 3 3
github.com/raysh454/moku/internal/assessor/heuristics_assessor.go:44.117,47.2 2 1
github.com/raysh454/moku/internal/assessor/heuristics_assessor.go:51.115,53.17 2 0
github.com/raysh454/moku/internal/assessor/heuristics_assessor.go:53.17,55.3 1 0
github.com/raysh454/moku/internal/assessor/heuristics_assessor.go:56.2,56.40 1 0
github.com/raysh454/moku/internal/assessor/heuristics_assessor.go:56.40,59.3 2 0
github.com/raysh454/moku/internal/assessor/heuristics_assessor.go:60.2,60.44 1 0
github.com/raysh454/moku/internal/assessor/heuristics_assessor.go:64.44,67.2 2 3
github.com/raysh454/moku/internal/assessor/heuristics_assessor.go:71.78,93.2 2 1
github.com/raysh454/moku/internal/assessor/heuristics_assessor.go:96.27,98.2 1 0
github.com/raysh454/moku/internal/cli/cli.go:27.49,38.39 4 0
github.com/raysh454/moku/internal/cli/cli.go:38.39,41.3 1 0
github.com/raysh454/moku/internal/cli/cli.go:43.2,43.38 1 0
github.com/raysh454/moku/internal/cli/cli.go:43.38,45.3 1 0
github.com/raysh454/moku/internal/cli/cli.go:47.2,52.8 1 0
github.com/raysh454/moku/internal/logging/logging.go:20.54,22.2 1 0
github.com/raysh454/moku/internal/logging/logging.go:24.82,33.27 3 0
github.com/raysh454/moku/internal/logging/logging.go:33.27,35.3 1 0
github.com/raysh454/moku/internal/logging/logging.go:36.2,44.16 3 0
github.com/raysh454/moku/internal/logging/logging.go:44.16,48.3 2 0
github.com/raysh454/moku/internal/logging/logging.go:49.2,49.38 1 0
github.com/raysh454/moku/internal/logging/logging.go:52.70,54.2 1 0
github.com/raysh454/moku/internal/logging/logging.go:56.69,58.2 1 0
github.com/raysh454/moku/internal/logging/logging.go:60.69,62.2 1 0
github.com/raysh454/moku/internal/logging/logging.go:64.70,66.2 1 0
github.com/raysh454/moku/internal/logging/logging.go:68.75,72.27 2 0
github.com/raysh454/moku/internal/logging/logging.go:72.27,73.27 1 0
github.com/raysh454/moku/internal/logging/logging.go:73.27,74.39 1 0
github.com/raysh454/moku/internal/logging/logging.go:74.39,76.5 1 0
github.com/raysh454/moku/internal/logging/logging.go:79.2,79.14 1 0
github.com/raysh454/moku/internal/utils/utils.go:13.49,15.16 2 0
github.com/raysh454/moku/internal/utils/utils.go:15.16,17.3 1 0
github.com/raysh454/moku/internal/utils/utils.go:19.2,24.22 3 0
github.com/raysh454/moku/internal/utils/utils.go:27.32,33.70 4 0
github.com/raysh454/moku/internal/utils/utils.go:33.70,35.3 1 0
github.com/raysh454/moku/internal/utils/utils.go:37.2,37.49 1 0
github.com/raysh454/moku/internal/utils/utils.go:40.56,42.2 1 0
github.com/raysh454/moku/internal/utils/utils.go:44.71,46.16 2 0
github.com/raysh454/moku/internal/utils/utils.go:46.16,48.3 1 0
github.com/raysh454/moku/internal/utils/utils.go:50.2,50.55 1 0
github.com/raysh454/moku/internal/utils/utils.go:53.75,54.40 1 0
github.com/raysh454/moku/internal/utils/utils.go:54.40,56.3 1 0
github.com/raysh454/moku/internal/utils/utils.go:58.2,59.16 2 0
github.com/raysh454/moku/internal/utils/utils.go:59.16,61.3 1 0
github.com/raysh454/moku/internal/utils/utils.go:63.2,63.57 1 0
github.com/raysh454/moku/internal/utils/utils.go:66.37,67.54 1 0
github.com/raysh454/moku/internal/utils/utils.go:67.54,69.3 1 0
github.com/raysh454/moku/internal/utils/utils.go:69.8,71.3 1 0
github.com/raysh454/moku/internal/tracker/fs_helpers.go:19.72,21.43 1 20
github.com/raysh454/moku/internal/tracker/fs_helpers.go:21.43,23.3 1 0
github.com/raysh454/moku/internal/tracker/fs_helpers.go:26.2,27.47 2 20
github.com/raysh454/moku/internal/tracker/fs_helpers.go:27.47,29.3 1 0
github.com/raysh454/moku/internal/tracker/fs_helpers.go:32.2,33.16 2 20
github.com/raysh454/moku/internal/tracker/fs_helpers.go:33.16,35.3 1 0
github.com/raysh454/moku/internal/tracker/fs_helpers.go:36.2,39.15 2 20
github.com/raysh454/moku/internal/tracker/fs_helpers.go:39.15,40.21 1 20
github.com/raysh454/moku/internal/tracker/fs_helpers.go:40.21,43.4 2 0
github.com/raysh454/moku/internal/tracker/fs_helpers.go:47.2,47.47 1 20
github.com/raysh454/moku/internal/tracker/fs_helpers.go:47.47,49.3 1 0
github.com/raysh454/moku/internal/tracker/fs_helpers.go:52.2,52.39 1 20
github.com/raysh454/moku/internal/tracker/fs_helpers.go:52.39,54.3 1 0
github.com/raysh454/moku/internal/tracker/fs_helpers.go:57.2,57.40 1 20
github.com/raysh454/moku/internal/tracker/fs_helpers.go:57.40,59.3 1 0
github.com/raysh454/moku/internal/tracker/fs_helpers.go:60.2,63.48 2 20
github.com/raysh454/moku/internal/tracker/fs_helpers.go:63.48,65.3 1 0
github.com/raysh454/moku/internal/tracker/fs_helpers.go:68.2,68.49 1 20
github.com/raysh454/moku/internal/tracker/fs_helpers.go:68.49,70.3 1 0
github.com/raysh454/moku/internal/tracker/fs_helpers.go:72.2,72.12 1 20
github.com/raysh454/moku/internal/tracker/fs_helpers.go:76.38,81.37 2 20
github.com/raysh454/moku/internal/tracker/fs_helpers.go:81.37,83.3 1 0
github.com/raysh454/moku/internal/tracker/fs_helpers.go:86.2,86.12 1 20
github.com/raysh454/moku/internal/tracker/fs_helpers.go:91.57,98.16 4 2
github.com/raysh454/moku/internal/tracker/fs_helpers.go:98.16,100.3 1 0
github.com/raysh454/moku/internal/tracker/fs_helpers.go:103.2,103.38 1 2
github.com/raysh454/moku/internal/tracker/fs_helpers.go:103.38,105.3 1 0
github.com/raysh454/moku/internal/tracker/fs_helpers.go:107.2,107.21 1 2
github.com/raysh454/moku/internal/tracker/helpers.go:17.36,30.33 2 5
github.com/raysh454/moku/internal/tracker/helpers.go:30.33,31.44 1 40
github.com/raysh454/moku/internal/tracker/helpers.go:31.44,33.4 1 0
github.com/raysh454/moku/internal/tracker/helpers.go:37.2,38.16 2 5
github.com/raysh454/moku/internal/tracker/helpers.go:38.16,40.3 1 0
github.com/raysh454/moku/internal/tracker/helpers.go:42.2,42.54 1 5
github.com/raysh454/moku/internal/tracker/helpers.go:42.54,44.3 1 0
github.com/raysh454/moku/internal/tracker/helpers.go:46.2,46.12 1 5
github.com/raysh454/moku/internal/tracker/helpers.go:54.84,69.26 7 4
github.com/raysh454/moku/internal/tracker/helpers.go:69.26,71.17 2 16
github.com/raysh454/moku/internal/tracker/helpers.go:72.34,73.23 1 4
github.com/raysh454/moku/internal/tracker/helpers.go:74.34,75.25 1 4
github.com/raysh454/moku/internal/tracker/helpers.go:76.33,78.12 1 8
github.com/raysh454/moku/internal/tracker/helpers.go:82.3,82.38 1 8
github.com/raysh454/moku/internal/tracker/helpers.go:82.38,88.4 1 8
github.com/raysh454/moku/internal/tracker/helpers.go:91.2,102.16 3 4
github.com/raysh454/moku/internal/tracker/helpers.go:102.16,104.3 1 0
github.com/raysh454/moku/internal/tracker/helpers.go:106.2,106.26 1 4
github.com/raysh454/moku/internal/tracker/sqlite_tracker.go:30.89,31.19 1 5
github.com/raysh454/moku/internal/tracker/sqlite_tracker.go:31.19,33.3 1 0
github.com/raysh454/moku/internal/tracker/sqlite_tracker.go:36.2,37.51 2 5
github.com/raysh454/moku/internal/tracker/sqlite_tracker.go:37.51,39.3 1 0
github.com/raysh454/moku/internal/tracker/sqlite_tracker.go:42.2,44.16 3 5
github.com/raysh454/moku/internal/tracker/sqlite_tracker.go:44.16,46.3 1 0
github.com/raysh454/moku/internal/tracker/sqlite_tracker.go:49.2,49.40 1 5
github.com/raysh454/moku/internal/tracker/sqlite_tracker.go:49.40,52.3 2 0
github.com/raysh454/moku/internal/tracker/sqlite_tracker.go:55.2,57.16 3 5
github.com/raysh454/moku/internal/tracker/sqlite_tracker.go:57.16,60.3 2 0
github.com/raysh454/moku/internal/tracker/sqlite_tracker.go:62.2,69.8 2 5
github.com/raysh454/moku/internal/tracker/sqlite_tracker.go:76.134,77.21 1 8
github.com/raysh454/moku/internal/tracker/sqlite_tracker.go:77.21,79.3 1 0
github.com/raysh454/moku/internal/tracker/sqlite_tracker.go:80.2,80.19 1 8
github.com/raysh454/moku/internal/tracker/sqlite_tracker.go:80.19,82.3 1 0
github.com/raysh454/moku/internal/tracker/sqlite_tracker.go:84.2,90.16 3 8
github.com/raysh454/moku/internal/tracker/sqlite_tracker.go:90.16,92.3 1 0
github.com/raysh454/moku/internal/tracker/sqlite_tracker.go:93.2,99.34 5 8
github.com/raysh454/moku/internal/tracker/sqlite_tracker.go:99.34,101.3 1 0
github.com/raysh454/moku/internal/tracker/sqlite_tracker.go:104.2,105.51 2 8
github.com/raysh454/moku/internal/tracker/sqlite_tracker.go:105.51,107.3 1 0
github.com/raysh454/moku/internal/tracker/sqlite_tracker.go:110.2,111.16 2 8
github.com/raysh454/moku/internal/tracker/sqlite_tracker.go:111.16,113.3 1 0
github.com/raysh454/moku/internal/tracker/sqlite_tracker.go:114.2,114.15 1 8
github.com/raysh454/moku/internal/tracker/sqlite_tracker.go:114.15,115.69 1 8
github.com/raysh454/moku/internal/tracker/sqlite_tracker.go:115.69,117.4 1 0
github.com/raysh454/moku/internal/tracker/sqlite_tracker.go:121.2,122.24 2 8
github.com/raysh454/moku/internal/tracker/sqlite_tracker.go:122.24,125.3 1 8
github.com/raysh454/moku/internal/tracker/sqlite_tracker.go:127.2,131.16 2 8
github.com/raysh454/moku/internal/tracker/sqlite_tracker.go:131.16,133.3 1 0
github.com/raysh454/moku/internal/tracker/sqlite_tracker.go:136.2,140.16 2 8
github.com/raysh454/moku/internal/tracker/sqlite_tracker.go:140.16,142.3 1 0
github.com/raysh454/moku/internal/tracker/sqlite_tracker.go:145.2,149.16 2 8
github.com/raysh454/moku/internal/tracker/sqlite_tracker.go:149.16,151.3 1 0
github.com/raysh454/moku/internal/tracker/sqlite_tracker.go:154.2,154.20 1 8
github.com/raysh454/moku/internal/tracker/sqlite_tracker.go:154.20,155.77 1 4
github.com/raysh454/moku/internal/tracker/sqlite_tracker.go:155.77,158.4 1 0
github.com/raysh454/moku/internal/tracker/sqlite_tracker.go:162.2,162.36 1 8
github.com/raysh454/moku/internal/tracker/sqlite_tracker.go:162.36,164.3 1 0
github.com/raysh454/moku/internal/tracker/sqlite_tracker.go:171.2,171.47 1 8
github.com/raysh454/moku/internal/tracker/sqlite_tracker.go:171.47,174.3 1 0
github.com/raysh454/moku/internal/tracker/sqlite_tracker.go:176.2,188.8 2 8
github.com/raysh454/moku/internal/tracker/sqlite_tracker.go:192.101,204.16 4 1
github.com/raysh454/moku/internal/tracker/sqlite_tracker.go:204.16,207.67 2 1
github.com/raysh454/moku/internal/tracker/sqlite_tracker.go:207.67,209.4 1 0
github.com/raysh454/moku/internal/tracker/sqlite_tracker.go:210.3,210.22 1 1
github.com/raysh454/moku/internal/tracker/sqlite_tracker.go:211.8,211.33 1 0
github.com/raysh454/moku/internal/tracker/sqlite_tracker.go:211.33,213.3 1 0
github.com/raysh454/moku/internal/tracker/sqlite_tracker.go:216.2,220.18 3 0
github.com/raysh454/moku/internal/tracker/sqlite_tracker.go:220.18,222.18 2 0
github.com/raysh454/moku/internal/tracker/sqlite_tracker.go:222.18,224.4 1 0
github.com/raysh454/moku/internal/tracker/sqlite_tracker.go:228.2,229.17 2 0
github.com/raysh454/moku/internal/tracker/sqlite_tracker.go:229.17,231.3 1 0
github.com/raysh454/moku/internal/tracker/sqlite_tracker.go:234.2,235.17 2 0
github.com/raysh454/moku/internal/tracker/sqlite_tracker.go:235.17,237.3 1 0
github.com/raysh454/moku/internal/tracker/sqlite_tracker.go:240.2,241.66 2 0
github.com/raysh454/moku/internal/tracker/sqlite_tracker.go:241.66,243.3 1 0
github.com/raysh454/moku/internal/tracker/sqlite_tracker.go:246.2,251.16 3 0
github.com/raysh454/moku/internal/tracker/sqlite_tracker.go:251.16,254.3 1 0
github.com/raysh454/moku/internal/tracker/sqlite_tracker.go:256.2,256.21 1 0
github.com/raysh454/moku/internal/tracker/sqlite_tracker.go:260.93,273.26 5 1
github.com/raysh454/moku/internal/tracker/sqlite_tracker.go:273.26,275.3 1 0
github.com/raysh454/moku/internal/tracker/sqlite_tracker.go:276.2,276.16 1 1
github.com/raysh454/moku/internal/tracker/sqlite_tracker.go:276.16,278.3 1 0
github.com/raysh454/moku/internal/tracker/sqlite_tracker.go:281.2,287.26 3 1
github.com/raysh454/moku/internal/tracker/sqlite_tracker.go:287.26,289.3 1 0
github.com/raysh454/moku/internal/tracker/sqlite_tracker.go:290.2,290.16 1 1
github.com/raysh454/moku/internal/tracker/sqlite_tracker.go:290.16,292.3 1 0
github.com/raysh454/moku/internal/tracker/sqlite_tracker.go:295.2,296.16 2 1
github.com/raysh454/moku/internal/tracker/sqlite_tracker.go:296.16,298.3 1 0
github.com/raysh454/moku/internal/tracker/sqlite_tracker.go:301.2,307.8 1 1
github.com/raysh454/moku/internal/tracker/sqlite_tracker.go:311.88,314.16 2 2
github.com/raysh454/moku/internal/tracker/sqlite_tracker.go:314.16,316.3 1 0
github.com/raysh454/moku/internal/tracker/sqlite_tracker.go:318.2,324.16 2 2
github.com/raysh454/moku/internal/tracker/sqlite_tracker.go:324.16,326.3 1 0
github.com/raysh454/moku/internal/tracker/sqlite_tracker.go:327.2,330.18 3 2
github.com/raysh454/moku/internal/tracker/sqlite_tracker.go:330.18,335.101 4 3
github.com/raysh454/moku/internal/tracker/sqlite_tracker.go:335.101,337.4 1 0
github.com/raysh454/moku/internal/tracker/sqlite_tracker.go:339.3,339.21 1 3
github.com/raysh454/moku/internal/tracker/sqlite_tracker.go:339.21,341.4 1 2
github.com/raysh454/moku/internal/tracker/sqlite_tracker.go:342.3,342.19 1 3
github.com/raysh454/moku/internal/tracker/sqlite_tracker.go:342.19,344.4 1 3
github.com/raysh454/moku/internal/tracker/sqlite_tracker.go:345.3,347.34 2 3
github.com/raysh454/moku/internal/tracker/sqlite_tracker.go:350.2,350.35 1 2
github.com/raysh454/moku/internal/tracker/sqlite_tracker.go:350.35,352.3 1 0
github.com/raysh454/moku/internal/tracker/sqlite_tracker.go:354.2,354.22 1 2
github.com/raysh454/moku/internal/tracker/sqlite_tracker.go:359.79,367.16 4 2
github.com/raysh454/moku/internal/tracker/sqlite_tracker.go:367.16,369.3 1 0
github.com/raysh454/moku/internal/tracker/sqlite_tracker.go:370.2,370.17 1 2
github.com/raysh454/moku/internal/tracker/sqlite_tracker.go:370.17,372.3 1 0
github.com/raysh454/moku/internal/tracker/sqlite_tracker.go:375.2,385.16 4 2
github.com/raysh454/moku/internal/tracker/sqlite_tracker.go:385.16,387.3 1 0
github.com/raysh454/moku/internal/tracker/sqlite_tracker.go:388.2,391.18 3 2
github.com/raysh454/moku/internal/tracker/sqlite_tracker.go:391.18,392.55 1 2
github.com/raysh454/moku/internal/tracker/sqlite_tracker.go:392.55,394.4 1 0
github.com/raysh454/moku/internal/tracker/sqlite_tracker.go:395.3,395.67 1 2
github.com/raysh454/moku/internal/tracker/sqlite_tracker.go:398.2,398.35 1 2
github.com/raysh454/moku/internal/tracker/sqlite_tracker.go:398.35,400.3 1 0
github.com/raysh454/moku/internal/tracker/sqlite_tracker.go:403.2,403.29 1 2
github.com/raysh454/moku/internal/tracker/sqlite_tracker.go:403.29,406.17 2 2
github.com/raysh454/moku/internal/tracker/sqlite_tracker.go:406.17,408.4 1 0
github.com/raysh454/moku/internal/tracker/sqlite_tracker.go:411.3,412.17 2 2
github.com/raysh454/moku/internal/tracker/sqlite_tracker.go:412.17,414.4 1 0
github.com/raysh454/moku/internal/tracker/sqlite_tracker.go:417.3,417.66 1 2
github.com/raysh454/moku/internal/tracker/sqlite_tracker.go:417.66,419.4 1 0
github.com/raysh454/moku/internal/tracker/sqlite_tracker.go:421.3,423.56 1 2
github.com/raysh454/moku/internal/tracker/sqlite_tracker.go:427.2,427.47 1 2
github.com/raysh454/moku/internal/tracker/sqlite_tracker.go:427.47,429.3 1 0
github.com/raysh454/moku/internal/tracker/sqlite_tracker.go:431.2,435.12 2 2
github.com/raysh454/moku/internal/tracker/sqlite_tracker.go:439.39,441.17 2 5
github.com/raysh454/moku/internal/tracker/sqlite_tracker.go:441.17,443.3 1 5
github.com/raysh454/moku/internal/tracker/sqlite_tracker.go:444.2,444.12 1 0
github.com/raysh454/moku/internal/tracker/sqlite_tracker.go:450.107,453.16 2 4
github.com/raysh454/moku/internal/tracker/sqlite_tracker.go:453.16,455.3 1 0
github.com/raysh454/moku/internal/tracker/sqlite_tracker.go:457.2,458.16 2 4
github.com/raysh454/moku/internal/tracker/sqlite_tracker.go:458.16,460.3 1 0
github.com/raysh454/moku/internal/tracker/sqlite_tracker.go:463.2,464.16 2 4
github.com/raysh454/moku/internal/tracker/sqlite_tracker.go:464.16,466.3 1 0
github.com/raysh454/moku/internal/tracker/sqlite_tracker.go:469.2,475.12 3 4
github.com/raysh454/moku/internal/tracker/sqlite_tracker.go:479.107,488.16 3 8
github.com/raysh454/moku/internal/tracker/sqlite_tracker.go:488.16,490.3 1 0
github.com/raysh454/moku/internal/tracker/sqlite_tracker.go:493.2,493.28 1 8
github.com/raysh454/moku/internal/tracker/sqlite_tracker.go:497.99,506.16 3 0
github.com/raysh454/moku/internal/tracker/sqlite_tracker.go:506.16,508.3 1 0
github.com/raysh454/moku/internal/tracker/sqlite_tracker.go:511.2,511.28 1 0
github.com/raysh454/moku/internal/tracker/sqlite_tracker.go:515.52,518.16 3 8
github.com/raysh454/moku/internal/tracker/sqlite_tracker.go:518.16,520.3 1 4
github.com/raysh454/moku/internal/tracker/sqlite_tracker.go:521.2,521.26 1 4
github.com/raysh454/moku/internal/tracker/sqlite_tracker.go:525.59,528.2 2 10
github.com/raysh454/moku/internal/tracker/sqlite_tracker.go:531.46,536.2 1 21
github.com/raysh454/moku/internal/tracker/store_fs.go:20.52,21.52 1 5
github.com/raysh454/moku/internal/tracker/store_fs.go:21.52,23.3 1 0
github.com/raysh454/moku/internal/tracker/store_fs.go:24.2,24.42 1 5
github.com/raysh454/moku/internal/tracker/store_fs.go:29.53,36.45 4 8
github.com/raysh454/moku/internal/tracker/store_fs.go:36.45,39.3 1 0
github.com/raysh454/moku/internal/tracker/store_fs.go:42.2,43.50 2 8
github.com/raysh454/moku/internal/tracker/store_fs.go:43.50,45.3 1 0
github.com/raysh454/moku/internal/tracker/store_fs.go:48.2,48.62 1 8
github.com/raysh454/moku/internal/tracker/store_fs.go:48.62,50.3 1 0
github.com/raysh454/moku/internal/tracker/store_fs.go:52.2,52.21 1 8
github.com/raysh454/moku/internal/tracker/store_fs.go:56.55,59.16 3 11
github.com/raysh454/moku/internal/tracker/store_fs.go:59.16,60.25 1 0
github.com/raysh454/moku/internal/tracker/store_fs.go:60.25,62.4 1 0
github.com/raysh454/moku/internal/tracker/store_fs.go:63.3,63.57 1 0
github.com/raysh454/moku/internal/tracker/store_fs.go:67.2,69.23 3 11
github.com/raysh454/moku/internal/tracker/store_fs.go:69.23,71.3 1 0
github.com/raysh454/moku/internal/tracker/store_fs.go:73.2,73.18 1 11
github.com/raysh454/moku/internal/tracker/store_fs.go:77.47,81.2 3 0
github.com/raysh454/moku/internal/tracker/store_fs.go:85.48,87.44 2 0
github.com/raysh454/moku/internal/tracker/store_fs.go:87.44,88.25 1 0
github.com/raysh454/moku/internal/tracker/store_fs.go:88.25,90.4 1 0
github.com/raysh454/moku/internal/tracker/store_fs.go:91.3,91.54 1 0
github.com/raysh454/moku/internal/tracker/store_fs.go:93.2,93.12 1 0
github.com/raysh454/moku/internal/tracker/store_fs.go:98.51,101.21 1 19
github.com/raysh454/moku/internal/tracker/store_fs.go:101.21,105.3 1 0
github.com/raysh454/moku/internal/tracker/store_fs.go:106.2,106.55 1 19
github.com/raysh454/moku/internal/tracker/store_fs.go:111.68,114.16 3 0
github.com/raysh454/moku/internal/tracker/store_fs.go:114.16,115.25 1 0
github.com/raysh454/moku/internal/tracker/store_fs.go:115.25,117.4 1 0
github.com/raysh454/moku/internal/tracker/store_fs.go:118.3,118.57 1 0
github.com/raysh454/moku/internal/tracker/store_fs.go:120.2,120.18 1 0
github.com/raysh454/moku/internal/tracker/store_fs.go:125.64,128.16 2 0
github.com/raysh454/moku/internal/tracker/store_fs.go:128.16,130.3 1 0
github.com/raysh454/moku/internal/tracker/store_fs.go:131.2,132.15 2 0
github.com/raysh454/moku/internal/tracker/store_fs.go:132.15,135.3 2 0
github.com/raysh454/moku/internal/tracker/store_fs.go:138.2,140.51 3 0
github.com/raysh454/moku/internal/tracker/store_fs.go:140.51,142.3 1 0
github.com/raysh454/moku/internal/tracker/store_fs.go:145.2,145.39 1 0
github.com/raysh454/moku/internal/tracker/store_fs.go:145.39,147.3 1 0
github.com/raysh454/moku/internal/tracker/store_fs.go:148.2,148.40 1 0
github.com/raysh454/moku/internal/tracker/store_fs.go:148.40,150.3 1 0
github.com/raysh454/moku/internal/tracker/store_fs.go:153.2,157.45 3 0
github.com/raysh454/moku/internal/tracker/store_fs.go:157.45,160.3 1 0
github.com/raysh454/moku/internal/tracker/store_fs.go:163.2,164.50 2 0
github.com/raysh454/moku/internal/tracker/store_fs.go:164.50,166.3 1 0
github.com/raysh454/moku/internal/tracker/store_fs.go:169.2,169.48 1 0
github.com/raysh454/moku/internal/tracker/store_fs.go:169.48,171.3 1 0
github.com/raysh454/moku/internal/tracker/store_fs.go:172.2,172.53 1 0
github.com/raysh454/moku/internal/tracker/store_fs.go:172.53,174.3 1 0
github.com/raysh454/moku/internal/tracker/store_fs.go:176.2,176.21 1 0
github.com/raysh454/moku/internal/tracker/tracker.go:17.92,19.16 1 1
github.com/raysh454/moku/internal/tracker/tracker.go:19.16,21.3 1 0
github.com/raysh454/moku/internal/tracker/tracker.go:22.2,22.19 1 1
github.com/raysh454/moku/internal/tracker/tracker.go:22.19,24.3 1 0
github.com/raysh454/moku/internal/tracker/tracker.go:27.2,30.8 1 1
github.com/raysh454/moku/internal/tracker/tracker.go:42.136,45.2 1 1
github.com/raysh454/moku/internal/tracker/tracker.go:47.103,50.2 1 0
github.com/raysh454/moku/internal/tracker/tracker.go:52.95,55.2 1 0
github.com/raysh454/moku/internal/tracker/tracker.go:57.90,60.2 1 0
github.com/raysh454/moku/internal/tracker/tracker.go:62.81,65.2 1 0
github.com/raysh454/moku/internal/tracker/tracker.go:67.41,70.2 1 1
github.com/raysh454/moku/internal/enumerator/spider.go:31.89,37.2 1 3
github.com/raysh454/moku/internal/enumerator/spider.go:39.74,41.16 2 3
github.com/raysh454/moku/internal/enumerator/spider.go:41.16,43.3 1 0
github.com/raysh454/moku/internal/enumerator/spider.go:45.2,51.8 1 3
github.com/raysh454/moku/internal/enumerator/spider.go:54.91,56.16 2 42
github.com/raysh454/moku/internal/enumerator/spider.go:56.16,58.3 1 0
github.com/raysh454/moku/internal/enumerator/spider.go:60.2,62.26 2 42
github.com/raysh454/moku/internal/enumerator/spider.go:62.26,64.17 2 15
github.com/raysh454/moku/internal/enumerator/spider.go:64.17,65.31 1 0
github.com/raysh454/moku/internal/enumerator/spider.go:65.31,69.5 1 0
github.com/raysh454/moku/internal/enumerator/spider.go:70.4,70.12 1 0
github.com/raysh454/moku/internal/enumerator/spider.go:73.3,73.36 1 15
github.com/raysh454/moku/internal/enumerator/spider.go:76.2,76.20 1 42
github.com/raysh454/moku/internal/enumerator/spider.go:79.98,80.35 1 83
github.com/raysh454/moku/internal/enumerator/spider.go:80.35,84.34 3 42
github.com/raysh454/moku/internal/enumerator/spider.go:84.34,85.47 1 15
github.com/raysh454/moku/internal/enumerator/spider.go:85.47,88.5 2 15
github.com/raysh454/moku/internal/enumerator/spider.go:91.3,91.106 1 42
github.com/raysh454/moku/internal/enumerator/spider.go:91.106,93.4 1 0
github.com/raysh454/moku/internal/enumerator/spider.go:95.3,96.17 2 42
github.com/raysh454/moku/internal/enumerator/spider.go:96.17,98.4 1 0
github.com/raysh454/moku/internal/enumerator/spider.go:100.3,100.37 1 42
github.com/raysh454/moku/internal/enumerator/spider.go:103.2,103.56 1 83
github.com/raysh454/moku/internal/enumerator/spider.go:103.56,104.64 1 74
github.com/raysh454/moku/internal/enumerator/spider.go:104.64,106.4 1 0
github.com/raysh454/moku/internal/enumerator/spider.go:109.2,109.12 1 83
github.com/raysh454/moku/internal/enumerator/spider.go:112.89,113.25 1 9
github.com/raysh454/moku/internal/enumerator/spider.go:113.25,115.3 1 0
github.com/raysh454/moku/internal/enumerator/spider.go:117.2,118.16 2 9
github.com/raysh454/moku/internal/enumerator/spider.go:118.16,120.3 1 0
github.com/raysh454/moku/internal/enumerator/spider.go:122.2,122.28 1 9
github.com/raysh454/moku/internal/enumerator/spider.go:122.28,124.3 1 0
github.com/raysh454/moku/internal/enumerator/spider.go:126.2,130.49 4 9
github.com/raysh454/moku/internal/enumerator/spider.go:130.49,132.17 2 9
github.com/raysh454/moku/internal/enumerator/spider.go:132.17,134.4 1 0
github.com/raysh454/moku/internal/enumerator/spider.go:135.3,135.66 1 9
github.com/raysh454/moku/internal/enumerator/spider.go:135.66,137.4 1 0
github.com/raysh454/moku/internal/enumerator/spider.go:138.8,140.3 1 0
github.com/raysh454/moku/internal/enumerator/spider.go:142.2,142.19 1 9
github.com/raysh454/moku/internal/enumerator/spider.go:145.68,146.29 1 9
github.com/raysh454/moku/internal/enumerator/spider.go:146.29,149.17 2 15
github.com/raysh454/moku/internal/enumerator/spider.go:149.17,150.31 1 0
github.com/raysh454/moku/internal/enumerator/spider.go:150.31,154.5 1 0
github.com/raysh454/moku/internal/enumerator/spider.go:155.4,155.12 1 0
github.com/raysh454/moku/internal/enumerator/spider.go:158.3,158.42 1 15
github.com/raysh454/moku/internal/enumerator/spider.go:158.42,159.12 1 0
github.com/raysh454/moku/internal/enumerator/spider.go:162.3,164.46 2 15
github.com/raysh454/moku/internal/enumerator/spider.go:164.46,167.4 2 11
github.com/raysh454/moku/internal/enumerator/spider.go:171.56,174.33 2 3
github.com/raysh454/moku/internal/enumerator/spider.go:174.33,175.92 1 12
github.com/raysh454/moku/internal/enumerator/spider.go:175.92,176.9 1 3
github.com/raysh454/moku/internal/enumerator/spider.go:178.3,179.17 2 9
github.com/raysh454/moku/internal/enumerator/spider.go:179.17,180.31 1 0
github.com/raysh454/moku/internal/enumerator/spider.go:180.31,184.5 1 0
github.com/raysh454/moku/internal/enumerator/spider.go:187.3,190.16 3 9
github.com/raysh454/moku/internal/enumerator/spider.go:193.2,193.12 1 3
github.com/raysh454/moku/internal/enumerator/spider.go:196.61,198.16 2 3
github.com/raysh454/moku/internal/enumerator/spider.go:198.16,200.3 1 0
github.com/raysh454/moku/internal/enumerator/spider.go:203.2,203.57 1 3
github.com/raysh454/moku/internal/enumerator/spider.go:203.57,205.3 1 0
github.com/raysh454/moku/internal/enumerator/spider.go:206.2,206.28 1 3
github.com/raysh454/moku/internal/fetcher/fetcher.go:33.116,34.20 1 1
github.com/raysh454/moku/internal/fetcher/fetcher.go:34.20,36.17 2 1
github.com/raysh454/moku/internal/fetcher/fetcher.go:36.17,38.4 1 0
github.com/raysh454/moku/internal/fetcher/fetcher.go:40.3,40.16 1 1
github.com/raysh454/moku/internal/fetcher/fetcher.go:43.2,48.8 1 1
github.com/raysh454/moku/internal/fetcher/fetcher.go:52.44,59.12 5 1
github.com/raysh454/moku/internal/fetcher/fetcher.go:59.12,61.32 2 1
github.com/raysh454/moku/internal/fetcher/fetcher.go:61.32,62.44 1 0
github.com/raysh454/moku/internal/fetcher/fetcher.go:62.44,63.24 1 0
github.com/raysh454/moku/internal/fetcher/fetcher.go:63.24,67.6 1 0
github.com/raysh454/moku/internal/fetcher/fetcher.go:73.2,73.35 1 1
github.com/raysh454/moku/internal/fetcher/fetcher.go:73.35,76.27 2 6
github.com/raysh454/moku/internal/fetcher/fetcher.go:76.27,80.17 3 6
github.com/raysh454/moku/internal/fetcher/fetcher.go:80.17,80.26 1 6
github.com/raysh454/moku/internal/fetcher/fetcher.go:82.4,83.18 2 6
github.com/raysh454/moku/internal/fetcher/fetcher.go:83.18,84.24 1 6
github.com/raysh454/moku/internal/fetcher/fetcher.go:84.24,88.6 1 0
github.com/raysh454/moku/internal/fetcher/fetcher.go:89.5,89.11 1 6
github.com/raysh454/moku/internal/fetcher/fetcher.go:92.4,92.22 1 0
github.com/raysh454/moku/internal/fetcher/fetcher.go:96.2,98.14 3 1
github.com/raysh454/moku/internal/fetcher/fetcher.go:102.76,103.17 1 6
github.com/raysh454/moku/internal/fetcher/fetcher.go:103.17,105.3 1 0
github.com/raysh454/moku/internal/fetcher/fetcher.go:107.2,108.16 2 6
github.com/raysh454/moku/internal/fetcher/fetcher.go:108.16,110.3 1 6
github.com/raysh454/moku/internal/fetcher/fetcher.go:112.2,116.16 3 0
github.com/raysh454/moku/internal/fetcher/fetcher.go:116.16,118.3 1 0
github.com/raysh454/moku/internal/fetcher/fetcher.go:120.2,125.8 1 0
github.com/raysh454/moku/internal/fetcher/fetcher.go:129.51,131.16 2 0
github.com/raysh454/moku/internal/fetcher/fetcher.go:131.16,133.3 1 0
github.com/raysh454/moku/internal/fetcher/fetcher.go:134.2,137.16 3 0
github.com/raysh454/moku/internal/fetcher/fetcher.go:137.16,139.3 1 0
github.com/raysh454/moku/internal/fetcher/fetcher.go:141.2,141.12 1 0
github.com/raysh454/moku/internal/fetcher/fetcher.go:145.53,147.16 2 0
github.com/raysh454/moku/internal/fetcher/fetcher.go:147.16,149.3 1 0
github.com/raysh454/moku/internal/fetcher/fetcher.go:150.2,152.38 2 0
github.com/raysh454/moku/internal/fetcher/fetcher.go:152.38,153.86 1 0
github.com/raysh454/moku/internal/fetcher/fetcher.go:153.86,155.4 1 0
github.com/raysh454/moku/internal/fetcher/fetcher.go:158.2,158.12 1 0
github.com/raysh454/moku/internal/fetcher/fetcher.go:162.47,164.16 2 0
github.com/raysh454/moku/internal/fetcher/fetcher.go:164.16,166.3 1 0
github.com/raysh454/moku/internal/fetcher/fetcher.go:168.2,168.45 1 0
github.com/raysh454/moku/internal/fetcher/fetcher.go:168.45,170.3 1 0
github.com/raysh454/moku/internal/fetcher/fetcher.go:172.2,172.47 1 0
github.com/raysh454/moku/internal/fetcher/fetcher.go:172.47,174.3 1 0
github.com/raysh454/moku/internal/fetcher/fetcher.go:176.2,176.12 1 0
github.com/raysh454/moku/internal/webclient/chromedp_client.go:35.97,48.42 5 4
github.com/raysh454/moku/internal/webclient/chromedp_client.go:48.42,52.3 3 4
github.com/raysh454/moku/internal/webclient/chromedp_client.go:54.2,62.8 2 0
github.com/raysh454/moku/internal/webclient/chromedp_client.go:65.42,67.16 2 0
github.com/raysh454/moku/internal/webclient/chromedp_client.go:67.16,70.3 2 0
github.com/raysh454/moku/internal/webclient/chromedp_client.go:72.2,77.23 4 0
github.com/raysh454/moku/internal/webclient/chromedp_client.go:77.23,79.3 1 0
github.com/raysh454/moku/internal/webclient/chromedp_client.go:81.2,83.28 2 0
github.com/raysh454/moku/internal/webclient/chromedp_client.go:83.28,85.3 1 0
github.com/raysh454/moku/internal/webclient/chromedp_client.go:87.2,87.12 1 0
github.com/raysh454/moku/internal/webclient/chromedp_client.go:90.79,97.23 6 0
github.com/raysh454/moku/internal/webclient/chromedp_client.go:97.23,101.19 3 0
github.com/raysh454/moku/internal/webclient/chromedp_client.go:101.19,103.4 1 0
github.com/raysh454/moku/internal/webclient/chromedp_client.go:105.3,105.48 1 0
github.com/raysh454/moku/internal/webclient/chromedp_client.go:105.48,106.42 1 0
github.com/raysh454/moku/internal/webclient/chromedp_client.go:106.42,107.20 1 0
github.com/raysh454/moku/internal/webclient/chromedp_client.go:107.20,109.6 1 0
github.com/raysh454/moku/internal/webclient/chromedp_client.go:114.2,115.16 1 0
github.com/raysh454/moku/internal/webclient/chromedp_client.go:115.16,116.21 1 0
github.com/raysh454/moku/internal/webclient/chromedp_client.go:117.41,118.36 1 0
github.com/raysh454/moku/internal/webclient/chromedp_client.go:119.68,120.46 1 0
github.com/raysh454/moku/internal/webclient/chromedp_client.go:120.46,122.6 1 0
github.com/raysh454/moku/internal/webclient/chromedp_client.go:126.2,126.17 1 0
github.com/raysh454/moku/internal/webclient/chromedp_client.go:129.91,130.20 1 0
github.com/raysh454/moku/internal/webclient/chromedp_client.go:130.20,132.3 1 0
github.com/raysh454/moku/internal/webclient/chromedp_client.go:134.2,135.29 2 0
github.com/raysh454/moku/internal/webclient/chromedp_client.go:135.29,137.3 1 0
github.com/raysh454/moku/internal/webclient/chromedp_client.go:139.2,139.79 1 0
github.com/raysh454/moku/internal/webclient/chromedp_client.go:139.79,141.3 1 0
github.com/raysh454/moku/internal/webclient/chromedp_client.go:142.2,142.12 1 0
github.com/raysh454/moku/internal/webclient/chromedp_client.go:147.130,148.48 1 0
github.com/raysh454/moku/internal/webclient/chromedp_client.go:148.48,149.25 1 0
github.com/raysh454/moku/internal/webclient/chromedp_client.go:150.39,151.46 1 0
github.com/raysh454/moku/internal/webclient/chromedp_client.go:151.46,155.5 3 0
github.com/raysh454/moku/internal/webclient/chromedp_client.go:161.85,162.31 1 0
github.com/raysh454/moku/internal/webclient/chromedp_client.go:162.31,164.3 1 0
github.com/raysh454/moku/internal/webclient/chromedp_client.go:166.2,166.25 1 0
github.com/raysh454/moku/internal/webclient/chromedp_client.go:166.25,167.25 1 0
github.com/raysh454/moku/internal/webclient/chromedp_client.go:168.15,169.19 1 0
github.com/raysh454/moku/internal/webclient/chromedp_client.go:170.17,171.26 1 0
github.com/raysh454/moku/internal/webclient/chromedp_client.go:171.26,173.5 1 0
github.com/raysh454/moku/internal/webclient/chromedp_client.go:174.11,175.38 1 0
github.com/raysh454/moku/internal/webclient/chromedp_client.go:182.97,183.16 1 0
github.com/raysh454/moku/internal/webclient/chromedp_client.go:183.16,185.3 1 0
github.com/raysh454/moku/internal/webclient/chromedp_client.go:187.2,188.18 2 0
github.com/raysh454/moku/internal/webclient/chromedp_client.go:188.18,190.3 1 0
github.com/raysh454/moku/internal/webclient/chromedp_client.go:191.2,191.30 1 0
github.com/raysh454/moku/internal/webclient/chromedp_client.go:191.30,195.3 2 0
github.com/raysh454/moku/internal/webclient/chromedp_client.go:197.2,202.16 3 0
github.com/raysh454/moku/internal/webclient/chromedp_client.go:202.16,205.3 2 0
github.com/raysh454/moku/internal/webclient/chromedp_client.go:206.2,216.12 8 0
github.com/raysh454/moku/internal/webclient/chromedp_client.go:216.12,217.10 1 0
github.com/raysh454/moku/internal/webclient/chromedp_client.go:218.21,219.16 1 0
github.com/raysh454/moku/internal/webclient/chromedp_client.go:220.25,220.25 0 0
github.com/raysh454/moku/internal/webclient/chromedp_client.go:224.2,224.64 1 0
github.com/raysh454/moku/internal/webclient/chromedp_client.go:224.64,226.3 1 0
github.com/raysh454/moku/internal/webclient/chromedp_client.go:228.2,228.61 1 0
github.com/raysh454/moku/internal/webclient/chromedp_client.go:228.61,230.3 1 0
github.com/raysh454/moku/internal/webclient/chromedp_client.go:232.2,242.16 6 0
github.com/raysh454/moku/internal/webclient/chromedp_client.go:242.16,244.3 1 0
github.com/raysh454/moku/internal/webclient/chromedp_client.go:246.2,246.9 1 0
github.com/raysh454/moku/internal/webclient/chromedp_client.go:247.22,247.22 0 0
github.com/raysh454/moku/internal/webclient/chromedp_client.go:248.24,249.72 1 0
github.com/raysh454/moku/internal/webclient/chromedp_client.go:252.2,258.16 3 0
github.com/raysh454/moku/internal/webclient/chromedp_client.go:258.16,260.3 1 0
github.com/raysh454/moku/internal/webclient/chromedp_client.go:263.2,267.21 4 0
github.com/raysh454/moku/internal/webclient/chromedp_client.go:267.21,272.3 3 0
github.com/raysh454/moku/internal/webclient/chromedp_client.go:274.2,280.8 1 0
github.com/raysh454/moku/internal/webclient/chromedp_client.go:285.90,291.2 2 0
github.com/raysh454/moku/internal/webclient/factory.go:13.92,15.19 2 4
github.com/raysh454/moku/internal/webclient/factory.go:15.19,17.3 1 1
github.com/raysh454/moku/internal/webclient/factory.go:19.2,19.17 1 4
github.com/raysh454/moku/internal/webclient/factory.go:20.17,21.44 1 2
github.com/raysh454/moku/internal/webclient/factory.go:22.18,23.40 1 1
github.com/raysh454/moku/internal/webclient/factory.go:24.10,25.97 1 1
github.com/raysh454/moku/internal/webclient/nethttp_client.go:23.121,28.23 2 7
github.com/raysh454/moku/internal/webclient/nethttp_client.go:28.23,31.3 1 6
github.com/raysh454/moku/internal/webclient/nethttp_client.go:33.2,39.8 2 7
github.com/raysh454/moku/internal/webclient/nethttp_client.go:43.96,44.16 1 0
github.com/raysh454/moku/internal/webclient/nethttp_client.go:44.16,46.3 1 0
github.com/raysh454/moku/internal/webclient/nethttp_client.go:48.2,55.23 4 0
github.com/raysh454/moku/internal/webclient/nethttp_client.go:55.23,57.3 1 0
github.com/raysh454/moku/internal/webclient/nethttp_client.go:59.2,60.16 2 0
github.com/raysh454/moku/internal/webclient/nethttp_client.go:60.16,62.3 1 0
github.com/raysh454/moku/internal/webclient/nethttp_client.go:64.2,64.24 1 0
github.com/raysh454/moku/internal/webclient/nethttp_client.go:64.24,65.34 1 0
github.com/raysh454/moku/internal/webclient/nethttp_client.go:65.34,66.25 1 0
github.com/raysh454/moku/internal/webclient/nethttp_client.go:66.25,68.5 1 0
github.com/raysh454/moku/internal/webclient/nethttp_client.go:72.2,73.16 2 0
github.com/raysh454/moku/internal/webclient/nethttp_client.go:73.16,79.3 2 0
github.com/raysh454/moku/internal/webclient/nethttp_client.go:81.2,83.16 3 0
github.com/raysh454/moku/internal/webclient/nethttp_client.go:83.16,89.3 2 0
github.com/raysh454/moku/internal/webclient/nethttp_client.go:91.2,97.8 1 0
github.com/raysh454/moku/internal/webclient/nethttp_client.go:101.89,107.2 2 0
github.com/raysh454/moku/internal/webclient/nethttp_client.go:109.41,112.2 2 7
github.com/raysh454/moku/internal/webclient/nethttp_client.go:115.53,117.2 1 0
github.com/raysh454/moku/internal/webclient/nethttp_client.go:120.105,121.16 1 0
github.com/raysh454/moku/internal/webclient/nethttp_client.go:121.16,123.3 1 0
github.com/raysh454/moku/internal/webclient/nethttp_client.go:126.2,126.61 1 0
github.com/raysh454/moku/internal/webclient/nethttp_client.go:126.61,128.3 1 0
github.com/raysh454/moku/internal/webclient/nethttp_client.go:130.2,130.27 1 0
github.com/raysh454/moku/internal/webclient/nethttp_client.go:134.53,136.2 1 0
